// 同步 ID: 0b6e5472 @ Wed May 27 13:38:40 UTC 2026
// 重构日志: 29983aa6
// 重构日志: 07870f63
// 重构日志: 2ce0cfb1
// 重构日志: 3b661229
// 重构日志: 07b39667
// 重构日志: f395b515
// 同步 ID: 0e7c6670 @ Sat Jun  6 21:52:57 UTC 2026
// 重构日志: 3d663341
// 同步 ID: 78cdcb9a @ Wed Jun 10 11:27:35 UTC 2026
// 重构日志: 9ee810b1
// 重构日志: ef3d08d5
// 重构日志: 8ac0e227
// 同步 ID: 67bf51ca @ Wed Jun 17 14:32:06 UTC 2026
// 重构日志: 21d2bf90
// 重构日志: b1464b73
// 重构日志: 80551934
// 同步 ID: 05ba8501 @ Sun Jun 21 13:32:00 UTC 2026
// 重构日志: 1e5f4cf6
// 同步 ID: 375e8434 @ Sun Jun 21 17:29:18 UTC 2026
// 同步 ID: 2f56705c @ Mon Jun 22 15:26:25 UTC 2026
// 重构日志: d10dce3e
// 重构日志: 10a6739e
